d:\documents\c++\code design\ballnsquaresrepo\!flickswitch\temp\bootstrap\debug\bootstrap.pdb
d:\documents\c++\code design\ballnsquaresrepo\!flickswitch\temp\bootstrap\debug\bootstrap.idb
d:\documents\c++\code design\ballnsquaresrepo\!flickswitch\temp\bootstrap\debug\imgui.obj
d:\documents\c++\code design\ballnsquaresrepo\!flickswitch\temp\bootstrap\debug\imgui_draw.obj
d:\documents\c++\code design\ballnsquaresrepo\!flickswitch\temp\bootstrap\debug\application.obj
d:\documents\c++\code design\ballnsquaresrepo\!flickswitch\temp\bootstrap\debug\audio.obj
d:\documents\c++\code design\ballnsquaresrepo\!flickswitch\temp\bootstrap\debug\font.obj
d:\documents\c++\code design\ballnsquaresrepo\!flickswitch\temp\bootstrap\debug\gizmos.obj
d:\documents\c++\code design\ballnsquaresrepo\!flickswitch\temp\bootstrap\debug\imgui_glfw3.obj
d:\documents\c++\code design\ballnsquaresrepo\!flickswitch\temp\bootstrap\debug\input.obj
d:\documents\c++\code design\ballnsquaresrepo\!flickswitch\temp\bootstrap\debug\renderer2d.obj
d:\documents\c++\code design\ballnsquaresrepo\!flickswitch\temp\bootstrap\debug\soundmanager.obj
d:\documents\c++\code design\ballnsquaresrepo\!flickswitch\temp\bootstrap\debug\texture.obj
d:\documents\c++\code design\ballnsquaresrepo\!flickswitch\temp\bootstrap\debug\gl_core_4_4.obj
d:\documents\c++\code design\ballnsquaresrepo\!flickswitch\temp\bootstrap\debug\bootstrap.lib
d:\documents\c++\code design\ballnsquaresrepo\!flickswitch\temp\bootstrap\debug\bootstrap.tlog\cl.command.1.tlog
d:\documents\c++\code design\ballnsquaresrepo\!flickswitch\temp\bootstrap\debug\bootstrap.tlog\cl.read.1.tlog
d:\documents\c++\code design\ballnsquaresrepo\!flickswitch\temp\bootstrap\debug\bootstrap.tlog\cl.write.1.tlog
d:\documents\c++\code design\ballnsquaresrepo\!flickswitch\temp\bootstrap\debug\bootstrap.tlog\lib-link.write.1.tlog
d:\documents\c++\code design\ballnsquaresrepo\!flickswitch\temp\bootstrap\debug\bootstrap.tlog\lib.command.1.tlog
d:\documents\c++\code design\ballnsquaresrepo\!flickswitch\temp\bootstrap\debug\bootstrap.tlog\lib.read.1.tlog
